<?xml version="1.0" encoding="UTF-8"?>
<!-- Generated by org.testng.reporters.JUnitXMLReporter -->
<testsuite hostname="Parag-PC" ignored="0" name="Test" tests="5" failures="0" timestamp="26 Aug 2018 13:45:17 GMT" time="0.099" errors="0">
  <testcase name="Car1" time="0.01" classname="SeleniumImportant.Grouping"/>
  <testcase name="Car2" time="0.002" classname="SeleniumImportant.Grouping"/>
  <testcase name="Scooter1" time="0.002" classname="SeleniumImportant.Grouping"/>
  <testcase name="Scooter2" time="0.001" classname="SeleniumImportant.Grouping"/>
  <testcase name="Sedan1" time="0.002" classname="SeleniumImportant.Grouping"/>
</testsuite> <!-- Test -->
