<?xml version="1.0" encoding="UTF-8"?>
<testng-results skipped="0" failed="0" ignored="0" total="5" passed="5">
  <reporter-output>
  </reporter-output>
  <suite name="Default suite" duration-ms="94" started-at="2018-08-13T18:15:51Z" finished-at="2018-08-13T18:15:51Z">
    <groups>
    </groups>
    <test name="Default test" duration-ms="94" started-at="2018-08-13T18:15:51Z" finished-at="2018-08-13T18:15:51Z">
      <class name="SeleniumImportant.TestNGPriority">
        <test-method status="PASS" signature="One()[pri:-1, instance:SeleniumImportant.TestNGPriority@2a556333]" name="One" duration-ms="10" started-at="2018-08-13T18:15:51Z" finished-at="2018-08-13T18:15:51Z">
          <reporter-output>
          </reporter-output>
        </test-method> <!-- One -->
        <test-method status="PASS" signature="Two()[pri:0, instance:SeleniumImportant.TestNGPriority@2a556333]" name="Two" duration-ms="2" started-at="2018-08-13T18:15:51Z" finished-at="2018-08-13T18:15:51Z">
          <reporter-output>
          </reporter-output>
        </test-method> <!-- Two -->
        <test-method status="PASS" signature="Three()[pri:1, instance:SeleniumImportant.TestNGPriority@2a556333]" name="Three" duration-ms="2" started-at="2018-08-13T18:15:51Z" finished-at="2018-08-13T18:15:51Z">
          <reporter-output>
          </reporter-output>
        </test-method> <!-- Three -->
        <test-method status="PASS" signature="Four()[pri:2, instance:SeleniumImportant.TestNGPriority@2a556333]" name="Four" duration-ms="1" started-at="2018-08-13T18:15:51Z" finished-at="2018-08-13T18:15:51Z">
          <reporter-output>
          </reporter-output>
        </test-method> <!-- Four -->
        <test-method status="PASS" signature="Five()[pri:3, instance:SeleniumImportant.TestNGPriority@2a556333]" name="Five" duration-ms="1" started-at="2018-08-13T18:15:51Z" finished-at="2018-08-13T18:15:51Z">
          <reporter-output>
          </reporter-output>
        </test-method> <!-- Five -->
      </class> <!-- SeleniumImportant.TestNGPriority -->
    </test> <!-- Default test -->
  </suite> <!-- Default suite -->
</testng-results>
