<?xml version="1.0" encoding="UTF-8"?>
<!-- Generated by org.testng.reporters.JUnitXMLReporter -->
<testsuite hostname="Parag-PC" ignored="2" name="Practice Grouping" tests="3" failures="0" timestamp="26 Aug 2018 13:48:30 GMT" time="0.055" errors="0">
  <testcase name="Car1" time="0.012" classname="SeleniumImportant.Grouping"/>
  <testcase name="Car2" time="0.005" classname="SeleniumImportant.Grouping"/>
  <testcase name="Sedan1" time="0.001" classname="SeleniumImportant.Grouping"/>
  <testcase name="Scooter1" time="0.0" classname="SeleniumImportant.Grouping">
    <ignored/>
  </testcase> <!-- Scooter1 -->
  <testcase name="Scooter2" time="0.0" classname="SeleniumImportant.Grouping">
    <ignored/>
  </testcase> <!-- Scooter2 -->
</testsuite> <!-- Practice Grouping -->
